<?xml version="1.0" encoding="UTF-8"?>
<!-- Generated by org.testng.reporters.JUnitReportReporter -->
<testsuite skipped="0" hostname="AniketS-PC" name="com.naukri.testcase.Homepagetest" tests="1" failures="0" timestamp="08 Aug 2019 15:13:21 GMT" time="76.549" errors="0">
  <testcase name="editprofile" time="76.549" classname="com.naukri.testcase.Homepagetest"/>
</testsuite> <!-- com.naukri.testcase.Homepagetest -->
