<?xml version="1.0" encoding="UTF-8"?>
<!-- Generated by org.testng.reporters.JUnitReportReporter -->
<testsuite skipped="0" hostname="AniketS-PC" name="com.naukri.testcase.Homepagetest" tests="1" failures="0" timestamp="07 Aug 2019 18:12:20 GMT" time="58.604" errors="0">
  <testcase name="editprofile" time="58.604" classname="com.naukri.testcase.Homepagetest"/>
</testsuite> <!-- com.naukri.testcase.Homepagetest -->
